2018-10-30 11:06:41 =CRASH REPORT====
  crasher:
    initial call: data_server:init/1
    pid: <0.508.0>
    registered_name: data_server
    exception exit: {{bad_return_value,{error,"mnesia dir is not used"}},[{gen_server,init_it,6,[{file,"gen_server.erl"},{line,366}]},{proc_lib,init_p_do_apply,3,[{file,"proc_lib.erl"},{line,249}]}]}
    ancestors: [data_sup,cellphone_sup,<0.505.0>]
    message_queue_len: 0
    messages: []
    links: [<0.507.0>]
    dictionary: []
    trap_exit: true
    status: running
    heap_size: 987
    stack_size: 27
    reductions: 1873
  neighbours:
2018-10-30 11:06:41 =SUPERVISOR REPORT====
     Supervisor: {local,data_sup}
     Context:    start_error
     Reason:     {bad_return_value,{error,"mnesia dir is not used"}}
     Offender:   [{pid,undefined},{id,data_server},{mfargs,{data_server,start_link,[]}},{restart_type,permanent},{shutdown,5000},{child_type,worker}]

2018-10-30 11:06:41 =SUPERVISOR REPORT====
     Supervisor: {local,cellphone_sup}
     Context:    start_error
     Reason:     {shutdown,{failed_to_start_child,data_server,{bad_return_value,{error,"mnesia dir is not used"}}}}
     Offender:   [{pid,undefined},{id,data_sup},{mfargs,{data_sup,start_link,[]}},{restart_type,permanent},{shutdown,5000},{child_type,supervisor}]

2018-10-30 11:06:41 =CRASH REPORT====
  crasher:
    initial call: application_master:init/4
    pid: <0.504.0>
    registered_name: []
    exception exit: {{{shutdown,{failed_to_start_child,data_sup,{shutdown,{failed_to_start_child,data_server,{bad_return_value,{error,"mnesia dir is not used"}}}}}},{cellphone_app,start,[normal,[]]}},[{application_master,init,4,[{file,"application_master.erl"},{line,138}]},{proc_lib,init_p_do_apply,3,[{file,"proc_lib.erl"},{line,249}]}]}
    ancestors: [<0.503.0>]
    message_queue_len: 1
    messages: [{'EXIT',<0.505.0>,normal}]
    links: [<0.503.0>,<0.42.0>]
    dictionary: []
    trap_exit: true
    status: running
    heap_size: 610
    stack_size: 27
    reductions: 214
  neighbours:
2018-10-30 11:08:35 =CRASH REPORT====
  crasher:
    initial call: data_server:init/1
    pid: <0.509.0>
    registered_name: data_server
    exception exit: {{bad_return_value,{error,"mnesia dir is not used"}},[{gen_server,init_it,6,[{file,"gen_server.erl"},{line,366}]},{proc_lib,init_p_do_apply,3,[{file,"proc_lib.erl"},{line,249}]}]}
    ancestors: [data_sup,cellphone_sup,<0.506.0>]
    message_queue_len: 0
    messages: []
    links: [<0.508.0>]
    dictionary: []
    trap_exit: true
    status: running
    heap_size: 1598
    stack_size: 27
    reductions: 1655
  neighbours:
2018-10-30 11:08:35 =SUPERVISOR REPORT====
     Supervisor: {local,data_sup}
     Context:    start_error
     Reason:     {bad_return_value,{error,"mnesia dir is not used"}}
     Offender:   [{pid,undefined},{id,data_server},{mfargs,{data_server,start_link,[]}},{restart_type,permanent},{shutdown,5000},{child_type,worker}]

2018-10-30 16:22:18 =CRASH REPORT====
  crasher:
    initial call: cowboy_stream_h:request_process/3
    pid: <0.581.0>
    registered_name: []
    exception error: {{badmap,[{<<"content-type">>,<<"text/plain">>}]},[{cowboy_req,reply,4,[{file,"/data/cellphone/_build/default/lib/cowboy/src/cowboy_req.erl"},{line,764}]},{request_handler,init,2,[{file,"/data/cellphone/_build/default/lib/cellphone/src/net/request_handler.erl"},{line,23}]},{cowboy_handler,execute,2,[{file,"/data/cellphone/_build/default/lib/cowboy/src/cowboy_handler.erl"},{line,41}]},{cowboy_stream_h,execute,3,[{file,"/data/cellphone/_build/default/lib/cowboy/src/cowboy_stream_h.erl"},{line,293}]},{cowboy_stream_h,request_process,3,[{file,"/data/cellphone/_build/default/lib/cowboy/src/cowboy_stream_h.erl"},{line,271}]},{proc_lib,init_p_do_apply,3,[{file,"proc_lib.erl"},{line,249}]}]}
    ancestors: [<0.580.0>,<0.564.0>,<0.563.0>,ranch_sup,<0.540.0>]
    message_queue_len: 0
    messages: []
    links: [<0.580.0>]
    dictionary: []
    trap_exit: false
    status: running
    heap_size: 6772
    stack_size: 27
    reductions: 108239
  neighbours:
2018-10-30 16:22:18 =ERROR REPORT====
Ranch listener cellphone_listener, connection process <0.580.0>, stream 1 had its request process <0.581.0> exit with reason {badmap,[{<<"content-type">>,<<"text/plain">>}]} and stacktrace [{cowboy_req,reply,4,[{file,"/data/cellphone/_build/default/lib/cowboy/src/cowboy_req.erl"},{line,764}]},{request_handler,init,2,[{file,"/data/cellphone/_build/default/lib/cellphone/src/net/request_handler.erl"},{line,23}]},{cowboy_handler,execute,2,[{file,"/data/cellphone/_build/default/lib/cowboy/src/cowboy_handler.erl"},{line,41}]},{cowboy_stream_h,execute,3,[{file,"/data/cellphone/_build/default/lib/cowboy/src/cowboy_stream_h.erl"},{line,293}]},{cowboy_stream_h,request_process,3,[{file,"/data/cellphone/_build/default/lib/cowboy/src/cowboy_stream_h.erl"},{line,271}]},{proc_lib,init_p_do_apply,3,[{file,"proc_lib.erl"},{line,249}]}]
2018-10-30 16:34:44 =CRASH REPORT====
  crasher:
    initial call: cowboy_stream_h:request_process/3
    pid: <0.608.0>
    registered_name: []
    exception error: {{badmap,[{<<"content-type">>,<<"text/plain">>}]},[{cowboy_req,reply,4,[{file,"/data/cellphone/_build/default/lib/cowboy/src/cowboy_req.erl"},{line,764}]},{request_handler,init,2,[{file,"/data/cellphone/_build/default/lib/cellphone/src/net/request_handler.erl"},{line,23}]},{cowboy_handler,execute,2,[{file,"/data/cellphone/_build/default/lib/cowboy/src/cowboy_handler.erl"},{line,41}]},{cowboy_stream_h,execute,3,[{file,"/data/cellphone/_build/default/lib/cowboy/src/cowboy_stream_h.erl"},{line,293}]},{cowboy_stream_h,request_process,3,[{file,"/data/cellphone/_build/default/lib/cowboy/src/cowboy_stream_h.erl"},{line,271}]},{proc_lib,init_p_do_apply,3,[{file,"proc_lib.erl"},{line,249}]}]}
    ancestors: [<0.588.0>,<0.564.0>,<0.563.0>,ranch_sup,<0.540.0>]
    message_queue_len: 0
    messages: []
    links: [<0.588.0>]
    dictionary: []
    trap_exit: false
    status: running
    heap_size: 4185
    stack_size: 27
    reductions: 59600
  neighbours:
2018-10-30 16:34:44 =ERROR REPORT====
Ranch listener cellphone_listener, connection process <0.588.0>, stream 1 had its request process <0.608.0> exit with reason {badmap,[{<<"content-type">>,<<"text/plain">>}]} and stacktrace [{cowboy_req,reply,4,[{file,"/data/cellphone/_build/default/lib/cowboy/src/cowboy_req.erl"},{line,764}]},{request_handler,init,2,[{file,"/data/cellphone/_build/default/lib/cellphone/src/net/request_handler.erl"},{line,23}]},{cowboy_handler,execute,2,[{file,"/data/cellphone/_build/default/lib/cowboy/src/cowboy_handler.erl"},{line,41}]},{cowboy_stream_h,execute,3,[{file,"/data/cellphone/_build/default/lib/cowboy/src/cowboy_stream_h.erl"},{line,293}]},{cowboy_stream_h,request_process,3,[{file,"/data/cellphone/_build/default/lib/cowboy/src/cowboy_stream_h.erl"},{line,271}]},{proc_lib,init_p_do_apply,3,[{file,"proc_lib.erl"},{line,249}]}]
2018-10-30 16:48:49 =CRASH REPORT====
  crasher:
    initial call: cowboy_stream_h:request_process/3
    pid: <0.595.0>
    registered_name: []
    exception error: {{badmap,[{<<"content-type">>,<<"text/plain">>}]},[{cowboy_req,reply,4,[{file,"/data/cellphone/_build/default/lib/cowboy/src/cowboy_req.erl"},{line,764}]},{request_handler,init,2,[{file,"/data/cellphone/_build/default/lib/cellphone/src/net/request_handler.erl"},{line,23}]},{cowboy_handler,execute,2,[{file,"/data/cellphone/_build/default/lib/cowboy/src/cowboy_handler.erl"},{line,41}]},{cowboy_stream_h,execute,3,[{file,"/data/cellphone/_build/default/lib/cowboy/src/cowboy_stream_h.erl"},{line,293}]},{cowboy_stream_h,request_process,3,[{file,"/data/cellphone/_build/default/lib/cowboy/src/cowboy_stream_h.erl"},{line,271}]},{proc_lib,init_p_do_apply,3,[{file,"proc_lib.erl"},{line,249}]}]}
    ancestors: [<0.594.0>,<0.564.0>,<0.563.0>,ranch_sup,<0.540.0>]
    message_queue_len: 0
    messages: []
    links: [<0.594.0>]
    dictionary: []
    trap_exit: false
    status: running
    heap_size: 2586
    stack_size: 27
    reductions: 47261
  neighbours:
2018-10-30 16:48:49 =ERROR REPORT====
Ranch listener cellphone_listener, connection process <0.594.0>, stream 1 had its request process <0.595.0> exit with reason {badmap,[{<<"content-type">>,<<"text/plain">>}]} and stacktrace [{cowboy_req,reply,4,[{file,"/data/cellphone/_build/default/lib/cowboy/src/cowboy_req.erl"},{line,764}]},{request_handler,init,2,[{file,"/data/cellphone/_build/default/lib/cellphone/src/net/request_handler.erl"},{line,23}]},{cowboy_handler,execute,2,[{file,"/data/cellphone/_build/default/lib/cowboy/src/cowboy_handler.erl"},{line,41}]},{cowboy_stream_h,execute,3,[{file,"/data/cellphone/_build/default/lib/cowboy/src/cowboy_stream_h.erl"},{line,293}]},{cowboy_stream_h,request_process,3,[{file,"/data/cellphone/_build/default/lib/cowboy/src/cowboy_stream_h.erl"},{line,271}]},{proc_lib,init_p_do_apply,3,[{file,"proc_lib.erl"},{line,249}]}]
2018-10-30 16:49:06 =CRASH REPORT====
  crasher:
    initial call: cowboy_stream_h:request_process/3
    pid: <0.599.0>
    registered_name: []
    exception error: {{badmap,[{<<"content-type">>,<<"text/plain">>}]},[{cowboy_req,reply,4,[{file,"/data/cellphone/_build/default/lib/cowboy/src/cowboy_req.erl"},{line,764}]},{request_handler,init,2,[{file,"/data/cellphone/_build/default/lib/cellphone/src/net/request_handler.erl"},{line,23}]},{cowboy_handler,execute,2,[{file,"/data/cellphone/_build/default/lib/cowboy/src/cowboy_handler.erl"},{line,41}]},{cowboy_stream_h,execute,3,[{file,"/data/cellphone/_build/default/lib/cowboy/src/cowboy_stream_h.erl"},{line,293}]},{cowboy_stream_h,request_process,3,[{file,"/data/cellphone/_build/default/lib/cowboy/src/cowboy_stream_h.erl"},{line,271}]},{proc_lib,init_p_do_apply,3,[{file,"proc_lib.erl"},{line,249}]}]}
    ancestors: [<0.598.0>,<0.564.0>,<0.563.0>,ranch_sup,<0.540.0>]
    message_queue_len: 0
    messages: []
    links: [<0.598.0>]
    dictionary: []
    trap_exit: false
    status: running
    heap_size: 1598
    stack_size: 27
    reductions: 47179
  neighbours:
2018-10-30 16:49:06 =ERROR REPORT====
Ranch listener cellphone_listener, connection process <0.598.0>, stream 1 had its request process <0.599.0> exit with reason {badmap,[{<<"content-type">>,<<"text/plain">>}]} and stacktrace [{cowboy_req,reply,4,[{file,"/data/cellphone/_build/default/lib/cowboy/src/cowboy_req.erl"},{line,764}]},{request_handler,init,2,[{file,"/data/cellphone/_build/default/lib/cellphone/src/net/request_handler.erl"},{line,23}]},{cowboy_handler,execute,2,[{file,"/data/cellphone/_build/default/lib/cowboy/src/cowboy_handler.erl"},{line,41}]},{cowboy_stream_h,execute,3,[{file,"/data/cellphone/_build/default/lib/cowboy/src/cowboy_stream_h.erl"},{line,293}]},{cowboy_stream_h,request_process,3,[{file,"/data/cellphone/_build/default/lib/cowboy/src/cowboy_stream_h.erl"},{line,271}]},{proc_lib,init_p_do_apply,3,[{file,"proc_lib.erl"},{line,249}]}]
2018-10-30 17:14:05 =CRASH REPORT====
  crasher:
    initial call: cowboy_stream_h:request_process/3
    pid: <0.579.0>
    registered_name: []
    exception error: bad argument: [{erlang,binary_to_list,[#{bindings => #{},body_length => 0,cert => undefined,has_body => false,headers => #{<<"accept-encoding">> => <<"gzip, deflate">>,<<"accept-language">> => <<"zh-CN,zh;q=0.9,fr;q=0.8,en;q=0.7">>,<<"cache-control">> => <<"no-cache">>,<<"connection">> => <<"Upgrade">>,<<"cookie">> => <<"io=FgeRjYd7THEQu9rPAAAB">>,<<"host">> => <<"94.191.14.68:8089">>,<<"origin">> => <<"http://coolaf.com">>,<<"pragma">> => <<"no-cache">>,<<"sec-websocket-extensions">> => <<"permessage-deflate; client_max_window_bits">>,<<"sec-websocket-key">> => <<"j0L28A3Ui2ja6UbwatC+cQ==">>,<<"sec-websocket-version">> => <<"13">>,<<"upgrade">> => <<"websocket">>,<<"user-agent">> => <<"Mozilla/5.0 (Windows NT 6.1; Win64; x64) AppleWebKit/537.36 (KHTML, like Gecko) Chrome/69.0.3497.100 Safari/537.36">>},host => <<"94.191.14.68">>,host_info => undefined,method => <<"GET">>,path => <<"/websocket">>,path_info => undefined,peer => {{218,19,98,77},20226},pid => <0.578.0>,port => 8089,qs => <<>>,ref => cellphone_listener,scheme => <<"http">>,sock => {{172,30,0,11},8089},streamid => 1,version => 'HTTP/1.1'}],[]},{websocket_handler,init,2,[{file,"/data/cellphone/_build/default/lib/cellphone/src/net/websocket_handler.erl"},{line,16}]},{cowboy_handler,execute,2,[{file,"/data/cellphone/_build/default/lib/cowboy/src/cowboy_handler.erl"},{line,41}]},{cowboy_stream_h,execute,3,[{file,"/data/cellphone/_build/default/lib/cowboy/src/cowboy_stream_h.erl"},{line,293}]},{cowboy_stream_h,request_process,3,[{file,"/data/cellphone/_build/default/lib/cowboy/src/cowboy_stream_h.erl"},{line,271}]},{proc_lib,init_p_do_apply,3,[{file,"proc_lib.erl"},{line,249}]}]
    ancestors: [<0.578.0>,<0.564.0>,<0.563.0>,ranch_sup,<0.540.0>]
    message_queue_len: 0
    messages: []
    links: [<0.578.0>]
    dictionary: []
    trap_exit: false
    status: running
    heap_size: 987
    stack_size: 27
    reductions: 398
  neighbours:
2018-10-30 17:14:05 =ERROR REPORT====
Ranch listener cellphone_listener, connection process <0.578.0>, stream 1 had its request process <0.579.0> exit with reason badarg and stacktrace [{erlang,binary_to_list,[#{bindings => #{},body_length => 0,cert => undefined,has_body => false,headers => #{<<"accept-encoding">> => <<"gzip, deflate">>,<<"accept-language">> => <<"zh-CN,zh;q=0.9,fr;q=0.8,en;q=0.7">>,<<"cache-control">> => <<"no-cache">>,<<"connection">> => <<"Upgrade">>,<<"cookie">> => <<"io=FgeRjYd7THEQu9rPAAAB">>,<<"host">> => <<"94.191.14.68:8089">>,<<"origin">> => <<"http://coolaf.com">>,<<"pragma">> => <<"no-cache">>,<<"sec-websocket-extensions">> => <<"permessage-deflate; client_max_window_bits">>,<<"sec-websocket-key">> => <<"j0L28A3Ui2ja6UbwatC+cQ==">>,<<"sec-websocket-version">> => <<"13">>,<<"upgrade">> => <<"websocket">>,<<"user-agent">> => <<"Mozilla/5.0 (Windows NT 6.1; Win64; x64) AppleWebKit/537.36 (KHTML, like Gecko) Chrome/69.0.3497.100 Safari/537.36">>},host => <<"94.191.14.68">>,host_info => undefined,method => <<"GET">>,path => <<"/websocket">>,path_info => undefined,peer => {{218,19,98,77},20226},pid => <0.578.0>,port => 8089,qs => <<>>,ref => cellphone_listener,scheme => <<"http">>,sock => {{172,30,0,11},8089},streamid => 1,version => 'HTTP/1.1'}],[]},{websocket_handler,init,2,[{file,"/data/cellphone/_build/default/lib/cellphone/src/net/websocket_handler.erl"},{line,16}]},{cowboy_handler,execute,2,[{file,"/data/cellphone/_build/default/lib/cowboy/src/cowboy_handler.erl"},{line,41}]},{cowboy_stream_h,execute,3,[{file,"/data/cellphone/_build/default/lib/cowboy/src/cowboy_stream_h.erl"},{line,293}]},{cowboy_stream_h,request_process,3,[{file,"/data/cellphone/_build/default/lib/cowboy/src/cowboy_stream_h.erl"},{line,271}]},{proc_lib,init_p_do_apply,3,[{file,"proc_lib.erl"},{line,249}]}]
2018-10-30 17:14:23 =CRASH REPORT====
  crasher:
    initial call: cowboy_stream_h:request_process/3
    pid: <0.582.0>
    registered_name: []
    exception error: bad argument: [{erlang,binary_to_list,[#{bindings => #{},body_length => 0,cert => undefined,has_body => false,headers => #{<<"accept-encoding">> => <<"gzip, deflate">>,<<"accept-language">> => <<"zh-CN,zh;q=0.9,fr;q=0.8,en;q=0.7">>,<<"cache-control">> => <<"no-cache">>,<<"connection">> => <<"Upgrade">>,<<"cookie">> => <<"io=FgeRjYd7THEQu9rPAAAB">>,<<"host">> => <<"94.191.14.68:8089">>,<<"origin">> => <<"http://coolaf.com">>,<<"pragma">> => <<"no-cache">>,<<"sec-websocket-extensions">> => <<"permessage-deflate; client_max_window_bits">>,<<"sec-websocket-key">> => <<"NGLUOM1aO4HDjYncLzAz7Q==">>,<<"sec-websocket-version">> => <<"13">>,<<"upgrade">> => <<"websocket">>,<<"user-agent">> => <<"Mozilla/5.0 (Windows NT 6.1; Win64; x64) AppleWebKit/537.36 (KHTML, like Gecko) Chrome/69.0.3497.100 Safari/537.36">>},host => <<"94.191.14.68">>,host_info => undefined,method => <<"GET">>,path => <<"/websocket">>,path_info => undefined,peer => {{218,19,98,77},19842},pid => <0.581.0>,port => 8089,qs => <<>>,ref => cellphone_listener,scheme => <<"http">>,sock => {{172,30,0,11},8089},streamid => 1,version => 'HTTP/1.1'}],[]},{websocket_handler,init,2,[{file,"/data/cellphone/_build/default/lib/cellphone/src/net/websocket_handler.erl"},{line,16}]},{cowboy_handler,execute,2,[{file,"/data/cellphone/_build/default/lib/cowboy/src/cowboy_handler.erl"},{line,41}]},{cowboy_stream_h,execute,3,[{file,"/data/cellphone/_build/default/lib/cowboy/src/cowboy_stream_h.erl"},{line,293}]},{cowboy_stream_h,request_process,3,[{file,"/data/cellphone/_build/default/lib/cowboy/src/cowboy_stream_h.erl"},{line,271}]},{proc_lib,init_p_do_apply,3,[{file,"proc_lib.erl"},{line,249}]}]
    ancestors: [<0.581.0>,<0.564.0>,<0.563.0>,ranch_sup,<0.540.0>]
    message_queue_len: 0
    messages: []
    links: [<0.581.0>]
    dictionary: []
    trap_exit: false
    status: running
    heap_size: 987
    stack_size: 27
    reductions: 335
  neighbours:
2018-10-30 17:14:23 =ERROR REPORT====
Ranch listener cellphone_listener, connection process <0.581.0>, stream 1 had its request process <0.582.0> exit with reason badarg and stacktrace [{erlang,binary_to_list,[#{bindings => #{},body_length => 0,cert => undefined,has_body => false,headers => #{<<"accept-encoding">> => <<"gzip, deflate">>,<<"accept-language">> => <<"zh-CN,zh;q=0.9,fr;q=0.8,en;q=0.7">>,<<"cache-control">> => <<"no-cache">>,<<"connection">> => <<"Upgrade">>,<<"cookie">> => <<"io=FgeRjYd7THEQu9rPAAAB">>,<<"host">> => <<"94.191.14.68:8089">>,<<"origin">> => <<"http://coolaf.com">>,<<"pragma">> => <<"no-cache">>,<<"sec-websocket-extensions">> => <<"permessage-deflate; client_max_window_bits">>,<<"sec-websocket-key">> => <<"NGLUOM1aO4HDjYncLzAz7Q==">>,<<"sec-websocket-version">> => <<"13">>,<<"upgrade">> => <<"websocket">>,<<"user-agent">> => <<"Mozilla/5.0 (Windows NT 6.1; Win64; x64) AppleWebKit/537.36 (KHTML, like Gecko) Chrome/69.0.3497.100 Safari/537.36">>},host => <<"94.191.14.68">>,host_info => undefined,method => <<"GET">>,path => <<"/websocket">>,path_info => undefined,peer => {{218,19,98,77},19842},pid => <0.581.0>,port => 8089,qs => <<>>,ref => cellphone_listener,scheme => <<"http">>,sock => {{172,30,0,11},8089},streamid => 1,version => 'HTTP/1.1'}],[]},{websocket_handler,init,2,[{file,"/data/cellphone/_build/default/lib/cellphone/src/net/websocket_handler.erl"},{line,16}]},{cowboy_handler,execute,2,[{file,"/data/cellphone/_build/default/lib/cowboy/src/cowboy_handler.erl"},{line,41}]},{cowboy_stream_h,execute,3,[{file,"/data/cellphone/_build/default/lib/cowboy/src/cowboy_stream_h.erl"},{line,293}]},{cowboy_stream_h,request_process,3,[{file,"/data/cellphone/_build/default/lib/cowboy/src/cowboy_stream_h.erl"},{line,271}]},{proc_lib,init_p_do_apply,3,[{file,"proc_lib.erl"},{line,249}]}]
2018-10-31 11:40:26 =CRASH REPORT====
  crasher:
    initial call: cowboy_clear:connection_process/5
    pid: <0.578.0>
    registered_name: []
    exception error: {undef,[{net_login,login,[{login_tos,"test","123"}],[]},{net_misc,msg_handle,1,[{file,"/data/cellphone/_build/default/lib/cellphone/src/net/net_misc.erl"},{line,36}]},{websocket_handler,websocket_handle,2,[{file,"/data/cellphone/_build/default/lib/cellphone/src/net/websocket_handler.erl"},{line,30}]},{cowboy_websocket,handler_call,6,[{file,"/data/cellphone/_build/default/lib/cowboy/src/cowboy_websocket.erl"},{line,466}]},{cowboy_http,loop,2,[{file,"/data/cellphone/_build/default/lib/cowboy/src/cowboy_http.erl"},{line,218}]},{proc_lib,init_p_do_apply,3,[{file,"proc_lib.erl"},{line,249}]}]}
    ancestors: [<0.564.0>,<0.563.0>,ranch_sup,<0.540.0>]
    message_queue_len: 0
    messages: []
    links: [#Port<0.34>,<0.564.0>]
    dictionary: [{last_login_time,1540957226}]
    trap_exit: true
    status: running
    heap_size: 2586
    stack_size: 27
    reductions: 8937
  neighbours:
2018-10-31 11:40:26 =ERROR REPORT====
Ranch listener cellphone_listener had connection process started with cowboy_clear:start_link/4 at <0.578.0> exit with reason: {undef,[{net_login,login,[{login_tos,"test","123"}],[]},{net_misc,msg_handle,1,[{file,"/data/cellphone/_build/default/lib/cellphone/src/net/net_misc.erl"},{line,36}]},{websocket_handler,websocket_handle,2,[{file,"/data/cellphone/_build/default/lib/cellphone/src/net/websocket_handler.erl"},{line,30}]},{cowboy_websocket,handler_call,6,[{file,"/data/cellphone/_build/default/lib/cowboy/src/cowboy_websocket.erl"},{line,466}]},{cowboy_http,loop,2,[{file,"/data/cellphone/_build/default/lib/cowboy/src/cowboy_http.erl"},{line,218}]},{proc_lib,init_p_do_apply,3,[{file,"proc_lib.erl"},{line,249}]}]}
