2018-10-30 11:06:41.246 [error] <0.508.0>@gen_server:init_it:366 CRASH REPORT Process data_server with 0 neighbours exited with reason: bad return value: {error,"mnesia dir is not used"} in gen_server:init_it/6 line 366
2018-10-30 11:06:41.246 [error] <0.507.0> Supervisor data_sup had child data_server started with data_server:start_link() at undefined exit with reason bad return value: {error,"mnesia dir is not used"} in context start_error
2018-10-30 11:06:41.247 [error] <0.506.0> Supervisor cellphone_sup had child data_sup started with data_sup:start_link() at undefined exit with reason {shutdown,{failed_to_start_child,data_server,{bad_return_value,{error,"mnesia dir is not used"}}}} in context start_error
2018-10-30 11:06:41.248 [error] <0.504.0> CRASH REPORT Process <0.504.0> with 0 neighbours exited with reason: {{shutdown,{failed_to_start_child,data_sup,{shutdown,{failed_to_start_child,data_server,{bad_return_value,{error,"mnesia dir is not used"}}}}}},{cellphone_app,start,[normal,[]]}} in application_master:init/4 line 138
2018-10-30 11:08:35.846 [error] <0.509.0>@gen_server:init_it:366 CRASH REPORT Process data_server with 0 neighbours exited with reason: bad return value: {error,"mnesia dir is not used"} in gen_server:init_it/6 line 366
2018-10-30 11:08:35.847 [error] <0.508.0> Supervisor data_sup had child data_server started with data_server:start_link() at undefined exit with reason bad return value: {error,"mnesia dir is not used"} in context start_error
2018-10-30 11:08:35.847 [error] <0.507.0> Supervisor cellphone_sup had child data_sup started with data_sup:start_link() at undefined exit with reason {shutdown,{failed_to_start_child,data_server,{bad_return_value,{error,"mnesia dir is not used"}}}} in context start_error
2018-10-30 11:08:35.850 [error] <0.505.0> CRASH REPORT Process <0.505.0> with 0 neighbours exited with reason: {{shutdown,{failed_to_start_child,data_sup,{shutdown,{failed_to_start_child,data_server,{bad_return_value,{error,"mnesia dir is not used"}}}}}},{cellphone_app,start,[normal,[]]}} in application_master:init/4 line 138
2018-10-30 16:22:18.860 [error] <0.581.0> CRASH REPORT Process <0.581.0> with 0 neighbours crashed with reason: {badmap,[{<<"content-type">>,<<"text/plain">>}]} in cowboy_req:reply/4 line 764
2018-10-30 16:22:18.880 [error] <0.530.0> Lager event handler error_logger_lager_h exited with reason {'EXIT',{{case_clause,[cellphone_listener,<0.580.0>,1,<0.581.0>,{badmap,[{<<"content-type">>,<<"text/plain">>}]},[{cowboy_req,reply,4,[{file,"/data/cellphone/_build/default/lib/cowboy/src/cowboy_req.erl"},{line,764}]},{request_handler,init,2,[{file,"/data/cellphone/_build/default/lib/cellphone/src/net/request_handler.erl"},{line,23}]},{cowboy_handler,execute,2,[{file,"/data/cellphone/_build/default/lib/cowboy/src/cowboy_handler.erl"},{line,41}]},{cowboy_stream_h,execute,3,[{file,"/data/cel..."},...]},...]]},...}}
2018-10-30 16:34:44.488 [error] <0.608.0> CRASH REPORT Process <0.608.0> with 0 neighbours crashed with reason: {badmap,[{<<"content-type">>,<<"text/plain">>}]} in cowboy_req:reply/4 line 764
2018-10-30 16:34:44.509 [error] <0.530.0> Lager event handler error_logger_lager_h exited with reason {'EXIT',{{case_clause,[cellphone_listener,<0.588.0>,1,<0.608.0>,{badmap,[{<<"content-type">>,<<"text/plain">>}]},[{cowboy_req,reply,4,[{file,"/data/cellphone/_build/default/lib/cowboy/src/cowboy_req.erl"},{line,764}]},{request_handler,init,2,[{file,"/data/cellphone/_build/default/lib/cellphone/src/net/request_handler.erl"},{line,23}]},{cowboy_handler,execute,2,[{file,"/data/cellphone/_build/default/lib/cowboy/src/cowboy_handler.erl"},{line,41}]},{cowboy_stream_h,execute,3,[{file,"/data/cel..."},...]},...]]},...}}
2018-10-30 16:48:49.285 [error] <0.595.0> CRASH REPORT Process <0.595.0> with 0 neighbours crashed with reason: {badmap,[{<<"content-type">>,<<"text/plain">>}]} in cowboy_req:reply/4 line 764
2018-10-30 16:48:49.303 [error] <0.530.0> Lager event handler error_logger_lager_h exited with reason {'EXIT',{{case_clause,[cellphone_listener,<0.594.0>,1,<0.595.0>,{badmap,[{<<"content-type">>,<<"text/plain">>}]},[{cowboy_req,reply,4,[{file,"/data/cellphone/_build/default/lib/cowboy/src/cowboy_req.erl"},{line,764}]},{request_handler,init,2,[{file,"/data/cellphone/_build/default/lib/cellphone/src/net/request_handler.erl"},{line,23}]},{cowboy_handler,execute,2,[{file,"/data/cellphone/_build/default/lib/cowboy/src/cowboy_handler.erl"},{line,41}]},{cowboy_stream_h,execute,3,[{file,"/data/cel..."},...]},...]]},...}}
2018-10-30 16:49:06.492 [error] <0.599.0> CRASH REPORT Process <0.599.0> with 0 neighbours crashed with reason: {badmap,[{<<"content-type">>,<<"text/plain">>}]} in cowboy_req:reply/4 line 764
2018-10-30 16:49:06.498 [error] <0.530.0> Lager event handler error_logger_lager_h exited with reason {'EXIT',{{case_clause,[cellphone_listener,<0.598.0>,1,<0.599.0>,{badmap,[{<<"content-type">>,<<"text/plain">>}]},[{cowboy_req,reply,4,[{file,"/data/cellphone/_build/default/lib/cowboy/src/cowboy_req.erl"},{line,764}]},{request_handler,init,2,[{file,"/data/cellphone/_build/default/lib/cellphone/src/net/request_handler.erl"},{line,23}]},{cowboy_handler,execute,2,[{file,"/data/cellphone/_build/default/lib/cowboy/src/cowboy_handler.erl"},{line,41}]},{cowboy_stream_h,execute,3,[{file,"/data/cel..."},...]},...]]},...}}
2018-10-30 17:14:05.149 [error] <0.579.0>@websocket_handler:init:16 CRASH REPORT Process <0.579.0> with 0 neighbours crashed with reason: bad argument in call to erlang:binary_to_list(#{bindings => #{},body_length => 0,cert => undefined,has_body => false,headers => #{<<"accep...">> => ...,...},...}) in websocket_handler:init/2 line 16
2018-10-30 17:14:05.181 [error] <0.530.0> Lager event handler error_logger_lager_h exited with reason {'EXIT',{{case_clause,[cellphone_listener,<0.578.0>,1,<0.579.0>,badarg,[{erlang,binary_to_list,[#{bindings => #{},body_length => 0,cert => undefined,has_body => false,headers => #{<<"accept-encoding">> => <<"gzip, deflate">>,<<"accept-language">> => <<"zh-CN,zh;q=0.9,fr;q=0.8,en;q=0.7">>,<<"cache-control">> => <<"no-cache">>,<<"connection">> => <<"Upgrade">>,<<"cookie">> => <<"io=FgeRjYd7THEQu9rPAAAB">>,<<"host">> => <<"94.191.14.68:8089">>,<<"origin">> => <<"http://coolaf.com">>,<<"p...">> => ...,...},...}],...},...]]},...}}
2018-10-30 17:14:23.237 [error] <0.582.0>@websocket_handler:init:16 CRASH REPORT Process <0.582.0> with 0 neighbours crashed with reason: bad argument in call to erlang:binary_to_list(#{bindings => #{},body_length => 0,cert => undefined,has_body => false,headers => #{<<"accep...">> => ...,...},...}) in websocket_handler:init/2 line 16
2018-10-30 17:14:23.256 [error] <0.530.0> Lager event handler error_logger_lager_h exited with reason {'EXIT',{{case_clause,[cellphone_listener,<0.581.0>,1,<0.582.0>,badarg,[{erlang,binary_to_list,[#{bindings => #{},body_length => 0,cert => undefined,has_body => false,headers => #{<<"accept-encoding">> => <<"gzip, deflate">>,<<"accept-language">> => <<"zh-CN,zh;q=0.9,fr;q=0.8,en;q=0.7">>,<<"cache-control">> => <<"no-cache">>,<<"connection">> => <<"Upgrade">>,<<"cookie">> => <<"io=FgeRjYd7THEQu9rPAAAB">>,<<"host">> => <<"94.191.14.68:8089">>,<<"origin">> => <<"http://coolaf.com">>,<<"p...">> => ...,...},...}],...},...]]},...}}
2018-10-31 11:13:50.048 [error] <0.652.0> module:websocket_handler line:37 {'EXIT',
                                  {undef,
                                   [{net_misc,decode,
                                     [<<10,10,8,112,105,110,103,95,116,111,
                                        115,8,237,187,228,222,5>>],
                                     []},
                                    {websocket_handler,websocket_handle,2,
                                     [{file,
                                       "/data/cellphone/_build/default/lib/cellphone/src/net/websocket_handler.erl"},
                                      {line,26}]},
                                    {cowboy_websocket,handler_call,6,
                                     [{file,
                                       "/data/cellphone/_build/default/lib/cowboy/src/cowboy_websocket.erl"},
                                      {line,466}]},
                                    {cowboy_http,loop,2,
                                     [{file,
                                       "/data/cellphone/_build/default/lib/cowboy/src/cowboy_http.erl"},
                                      {line,218}]},
                                    {proc_lib,init_p_do_apply,3,
                                     [{file,"proc_lib.erl"},{line,249}]}]}}
2018-10-31 11:13:58.678 [error] <0.652.0> module:websocket_handler line:37 {'EXIT',
                                  {undef,
                                   [{net_misc,decode,
                                     [<<10,10,8,112,105,110,103,95,116,111,
                                        115,8,246,187,228,222,5>>],
                                     []},
                                    {websocket_handler,websocket_handle,2,
                                     [{file,
                                       "/data/cellphone/_build/default/lib/cellphone/src/net/websocket_handler.erl"},
                                      {line,26}]},
                                    {cowboy_websocket,handler_call,6,
                                     [{file,
                                       "/data/cellphone/_build/default/lib/cowboy/src/cowboy_websocket.erl"},
                                      {line,466}]},
                                    {cowboy_http,loop,2,
                                     [{file,
                                       "/data/cellphone/_build/default/lib/cowboy/src/cowboy_http.erl"},
                                      {line,218}]},
                                    {proc_lib,init_p_do_apply,3,
                                     [{file,"proc_lib.erl"},{line,249}]}]}}
2018-10-31 11:24:28.481 [error] <0.578.0> module:websocket_handler line:37 {'EXIT',
                                  {undef,
                                   [{net_misc,decode,
                                     [<<11,10,9,108,111,103,105,110,95,116,
                                        111,115,10,4,116,101,115,116,18,3,49,
                                        50,51>>],
                                     []},
                                    {websocket_handler,websocket_handle,2,
                                     [{file,
                                       "/data/cellphone/_build/default/lib/cellphone/src/net/websocket_handler.erl"},
                                      {line,26}]},
                                    {cowboy_websocket,handler_call,6,
                                     [{file,
                                       "/data/cellphone/_build/default/lib/cowboy/src/cowboy_websocket.erl"},
                                      {line,466}]},
                                    {cowboy_http,loop,2,
                                     [{file,
                                       "/data/cellphone/_build/default/lib/cowboy/src/cowboy_http.erl"},
                                      {line,218}]},
                                    {proc_lib,init_p_do_apply,3,
                                     [{file,"proc_lib.erl"},{line,249}]}]}}
2018-10-31 11:26:20.094 [error] <0.578.0> module:websocket_handler line:37 {'EXIT',
                                  {undef,
                                   [{erlang,bianary_to_atom,
                                     ["login_tos",utf8],
                                     []},
                                    {net_misc,decode_msg,1,
                                     [{file,
                                       "/data/cellphone/_build/default/lib/cellphone/src/net/net_misc.erl"},
                                      {line,23}]},
                                    {websocket_handler,websocket_handle,2,
                                     [{file,
                                       "/data/cellphone/_build/default/lib/cellphone/src/net/websocket_handler.erl"},
                                      {line,26}]},
                                    {cowboy_websocket,handler_call,6,
                                     [{file,
                                       "/data/cellphone/_build/default/lib/cowboy/src/cowboy_websocket.erl"},
                                      {line,466}]},
                                    {cowboy_http,loop,2,
                                     [{file,
                                       "/data/cellphone/_build/default/lib/cowboy/src/cowboy_http.erl"},
                                      {line,218}]},
                                    {proc_lib,init_p_do_apply,3,
                                     [{file,"proc_lib.erl"},{line,249}]}]}}
2018-10-31 11:29:09.805 [error] <0.578.0> module:websocket_handler line:37 {'EXIT',
                                  {badarg,
                                   [{erlang,binary_to_atom,
                                     ["login_tos",utf8],
                                     []},
                                    {net_misc,decode_msg,1,
                                     [{file,
                                       "/data/cellphone/_build/default/lib/cellphone/src/net/net_misc.erl"},
                                      {line,23}]},
                                    {websocket_handler,websocket_handle,2,
                                     [{file,
                                       "/data/cellphone/_build/default/lib/cellphone/src/net/websocket_handler.erl"},
                                      {line,26}]},
                                    {cowboy_websocket,handler_call,6,
                                     [{file,
                                       "/data/cellphone/_build/default/lib/cowboy/src/cowboy_websocket.erl"},
                                      {line,466}]},
                                    {cowboy_http,loop,2,
                                     [{file,
                                       "/data/cellphone/_build/default/lib/cowboy/src/cowboy_http.erl"},
                                      {line,218}]},
                                    {proc_lib,init_p_do_apply,3,
                                     [{file,"proc_lib.erl"},{line,249}]}]}}
2018-10-31 11:39:51.417 [error] <0.578.0> module:websocket_handler line:37 {'EXIT',
                                  {undef,
                                   [{erlang,list_to_atom,
                                     ["login_tos",utf8],
                                     []},
                                    {net_misc,decode_msg,1,
                                     [{file,
                                       "/data/cellphone/_build/default/lib/cellphone/src/net/net_misc.erl"},
                                      {line,23}]},
                                    {websocket_handler,websocket_handle,2,
                                     [{file,
                                       "/data/cellphone/_build/default/lib/cellphone/src/net/websocket_handler.erl"},
                                      {line,26}]},
                                    {cowboy_websocket,handler_call,6,
                                     [{file,
                                       "/data/cellphone/_build/default/lib/cowboy/src/cowboy_websocket.erl"},
                                      {line,466}]},
                                    {cowboy_http,loop,2,
                                     [{file,
                                       "/data/cellphone/_build/default/lib/cowboy/src/cowboy_http.erl"},
                                      {line,218}]},
                                    {proc_lib,init_p_do_apply,3,
                                     [{file,"proc_lib.erl"},{line,249}]}]}}
2018-10-31 11:40:26.969 [error] <0.578.0>@net_login:login CRASH REPORT Process <0.578.0> with 0 neighbours crashed with reason: call to undefined function net_login:login({login_tos,"test","123"})
2018-10-31 11:40:26.982 [error] <0.578.0>@net_login:login Ranch listener cellphone_listener terminated with reason: call to undefined function net_login:login({login_tos,"test","123"})
2018-10-31 11:55:20.525 [error] <0.578.0> module:websocket_handler line:33 {'EXIT',
                                  {badarg,
                                   [{erlang,integer_to_list,[[]],[]},
                                    {lib_role,register_name,1,
                                     [{file,
                                       "/data/cellphone/_build/default/lib/cellphone/src/role/lib_role.erl"},
                                      {line,54}]},
                                    {lib_role,is_online,1,
                                     [{file,
                                       "/data/cellphone/_build/default/lib/cellphone/src/role/lib_role.erl"},
                                      {line,45}]},
                                    {net_login,login,2,
                                     [{file,
                                       "/data/cellphone/_build/default/lib/cellphone/src/net/net_login.erl"},
                                      {line,48}]},
                                    {net_misc,msg_handle,1,
                                     [{file,
                                       "/data/cellphone/_build/default/lib/cellphone/src/net/net_misc.erl"},
                                      {line,36}]},
                                    {websocket_handler,websocket_handle,2,
                                     [{file,
                                       "/data/cellphone/_build/default/lib/cellphone/src/net/websocket_handler.erl"},
                                      {line,29}]},
                                    {cowboy_websocket,handler_call,6,
                                     [{file,
                                       "/data/cellphone/_build/default/lib/cowboy/src/cowboy_websocket.erl"},
                                      {line,466}]},
                                    {cowboy_http,loop,2,
                                     [{file,
                                       "/data/cellphone/_build/default/lib/cowboy/src/cowboy_http.erl"},
                                      {line,218}]}]}}
2018-10-31 13:48:23.403 [error] <0.578.0> module:net_misc line:41 {'EXIT',
                         {badarg,
                          [{erlang,integer_to_list,[[]],[]},
                           {lib_role,register_name,1,
                            [{file,
                              "/data/cellphone/_build/default/lib/cellphone/src/role/lib_role.erl"},
                             {line,54}]},
                           {lib_role,is_online,1,
                            [{file,
                              "/data/cellphone/_build/default/lib/cellphone/src/role/lib_role.erl"},
                             {line,45}]},
                           {net_login,login,2,
                            [{file,
                              "/data/cellphone/_build/default/lib/cellphone/src/net/net_login.erl"},
                             {line,48}]},
                           {net_misc,msg_handle,1,
                            [{file,
                              "/data/cellphone/_build/default/lib/cellphone/src/net/net_misc.erl"},
                             {line,36}]},
                           {websocket_handler,websocket_handle,2,
                            [{file,
                              "/data/cellphone/_build/default/lib/cellphone/src/net/websocket_handler.erl"},
                             {line,29}]},
                           {cowboy_websocket,handler_call,6,
                            [{file,
                              "/data/cellphone/_build/default/lib/cowboy/src/cowboy_websocket.erl"},
                             {line,466}]},
                           {cowboy_http,loop,2,
                            [{file,
                              "/data/cellphone/_build/default/lib/cowboy/src/cowboy_http.erl"},
                             {line,218}]}]}}
2018-10-31 14:51:03.985 [error] <0.578.0> module:net_misc line:43 {fail,{login_toc,152,undefined}}
2018-10-31 14:53:00.439 [error] <0.578.0> module:net_misc line:43 {fail,{login_toc,152,undefined}}
2018-10-31 15:21:21.857 [error] <0.605.0> module:net_misc line:34 undefined handle proto
2018-10-31 15:52:36.178 [error] <0.635.0> module:net_misc line:34 undefined handle proto
2018-10-31 15:53:09.366 [error] <0.605.0> module:net_misc line:43 {'EXIT',
                         {undef,
                          [{role_server,register_new_role,
                            [10000,"test","123"],
                            []},
                           {net_login,login,2,
                            [{file,
                              "/data/cellphone/_build/default/lib/cellphone/src/net/net_login.erl"},
                             {line,40}]},
                           {net_misc,msg_handle,1,
                            [{file,
                              "/data/cellphone/_build/default/lib/cellphone/src/net/net_misc.erl"},
                             {line,38}]},
                           {websocket_handler,websocket_handle,2,
                            [{file,
                              "/data/cellphone/_build/default/lib/cellphone/src/net/websocket_handler.erl"},
                             {line,28}]},
                           {cowboy_websocket,handler_call,6,
                            [{file,
                              "/data/cellphone/_build/default/lib/cowboy/src/cowboy_websocket.erl"},
                             {line,466}]},
                           {cowboy_http,loop,2,
                            [{file,
                              "/data/cellphone/_build/default/lib/cowboy/src/cowboy_http.erl"},
                             {line,218}]},
                           {proc_lib,init_p_do_apply,3,
                            [{file,"proc_lib.erl"},{line,249}]}]}}
2018-10-31 16:24:30.031 [error] <0.605.0> module:net_misc line:43 {'EXIT',
                            {{case_clause,{fail,100}},
                             [{net_login,login,2,
                                  [{file,
                                       "/data/cellphone/_build/default/lib/cellphone/src/net/net_login.erl"},
                                   {line,38}]},
                              {net_misc,msg_handle,1,
                                  [{file,
                                       "/data/cellphone/_build/default/lib/cellphone/src/net/net_misc.erl"},
                                   {line,38}]},
                              {websocket_handler,websocket_handle,2,
                                  [{file,
                                       "/data/cellphone/_build/default/lib/cellphone/src/net/websocket_handler.erl"},
                                   {line,28}]},
                              {cowboy_websocket,handler_call,6,
                                  [{file,
                                       "/data/cellphone/_build/default/lib/cowboy/src/cowboy_websocket.erl"},
                                   {line,466}]},
                              {cowboy_http,loop,2,
                                  [{file,
                                       "/data/cellphone/_build/default/lib/cowboy/src/cowboy_http.erl"},
                                   {line,218}]},
                              {proc_lib,init_p_do_apply,3,
                                  [{file,"proc_lib.erl"},{line,249}]}]}}
2018-10-31 16:27:37.343 [error] <0.605.0> module:net_misc line:43 {'EXIT',
                         {undef,
                          [{mod_role,register_new_role,
                            [10000,"test","123"],
                            []},
                           {net_login,login,2,
                            [{file,
                              "/data/cellphone/_build/default/lib/cellphone/src/net/net_login.erl"},
                             {line,40}]},
                           {net_misc,msg_handle,1,
                            [{file,
                              "/data/cellphone/_build/default/lib/cellphone/src/net/net_misc.erl"},
                             {line,38}]},
                           {websocket_handler,websocket_handle,2,
                            [{file,
                              "/data/cellphone/_build/default/lib/cellphone/src/net/websocket_handler.erl"},
                             {line,28}]},
                           {cowboy_websocket,handler_call,6,
                            [{file,
                              "/data/cellphone/_build/default/lib/cowboy/src/cowboy_websocket.erl"},
                             {line,466}]},
                           {cowboy_http,loop,2,
                            [{file,
                              "/data/cellphone/_build/default/lib/cowboy/src/cowboy_http.erl"},
                             {line,218}]},
                           {proc_lib,init_p_do_apply,3,
                            [{file,"proc_lib.erl"},{line,249}]}]}}
2018-10-31 16:30:36.676 [error] <0.605.0> module:net_misc line:43 {'EXIT',
                         {badarg,
                          [{ets,insert,[ets_name_role_id,{"test",10000}],[]},
                           {role_server,add_name_role_id,2,
                            [{file,
                              "/data/cellphone/_build/default/lib/cellphone/src/role/role_server.erl"},
                             {line,40}]},
                           {net_login,login,2,
                            [{file,
                              "/data/cellphone/_build/default/lib/cellphone/src/net/net_login.erl"},
                             {line,41}]},
                           {net_misc,msg_handle,1,
                            [{file,
                              "/data/cellphone/_build/default/lib/cellphone/src/net/net_misc.erl"},
                             {line,38}]},
                           {websocket_handler,websocket_handle,2,
                            [{file,
                              "/data/cellphone/_build/default/lib/cellphone/src/net/websocket_handler.erl"},
                             {line,28}]},
                           {cowboy_websocket,handler_call,6,
                            [{file,
                              "/data/cellphone/_build/default/lib/cowboy/src/cowboy_websocket.erl"},
                             {line,466}]},
                           {cowboy_http,loop,2,
                            [{file,
                              "/data/cellphone/_build/default/lib/cowboy/src/cowboy_http.erl"},
                             {line,218}]},
                           {proc_lib,init_p_do_apply,3,
                            [{file,"proc_lib.erl"},{line,249}]}]}}
2018-10-31 16:34:09.935 [error] <0.605.0> module:net_misc line:43 {error,100}
2018-10-31 16:36:56.078 [error] <0.605.0> module:net_misc line:43 {'EXIT',
                         {function_clause,
                          [{lib_role,is_online,
                            [[{ets_name_role_id,"test",10000}]],
                            [{file,
                              "/data/cellphone/_build/default/lib/cellphone/src/role/lib_role.erl"},
                             {line,42}]},
                           {net_login,login,2,
                            [{file,
                              "/data/cellphone/_build/default/lib/cellphone/src/net/net_login.erl"},
                             {line,50}]},
                           {net_misc,msg_handle,1,
                            [{file,
                              "/data/cellphone/_build/default/lib/cellphone/src/net/net_misc.erl"},
                             {line,38}]},
                           {websocket_handler,websocket_handle,2,
                            [{file,
                              "/data/cellphone/_build/default/lib/cellphone/src/net/websocket_handler.erl"},
                             {line,28}]},
                           {cowboy_websocket,handler_call,6,
                            [{file,
                              "/data/cellphone/_build/default/lib/cowboy/src/cowboy_websocket.erl"},
                             {line,466}]},
                           {cowboy_http,loop,2,
                            [{file,
                              "/data/cellphone/_build/default/lib/cowboy/src/cowboy_http.erl"},
                             {line,218}]},
                           {proc_lib,init_p_do_apply,3,
                            [{file,"proc_lib.erl"},{line,249}]}]}}
2018-10-31 16:40:35.498 [error] <0.605.0> module:net_misc line:43 {'EXIT',
                         {undef,
                          [{lib_data,dirty_read,[10000],[]},
                           {net_login,check_login,2,
                            [{file,
                              "/data/cellphone/_build/default/lib/cellphone/src/net/net_login.erl"},
                             {line,72}]},
                           {net_login,login,2,
                            [{file,
                              "/data/cellphone/_build/default/lib/cellphone/src/net/net_login.erl"},
                             {line,57}]},
                           {net_misc,msg_handle,1,
                            [{file,
                              "/data/cellphone/_build/default/lib/cellphone/src/net/net_misc.erl"},
                             {line,38}]},
                           {websocket_handler,websocket_handle,2,
                            [{file,
                              "/data/cellphone/_build/default/lib/cellphone/src/net/websocket_handler.erl"},
                             {line,28}]},
                           {cowboy_websocket,handler_call,6,
                            [{file,
                              "/data/cellphone/_build/default/lib/cowboy/src/cowboy_websocket.erl"},
                             {line,466}]},
                           {cowboy_http,loop,2,
                            [{file,
                              "/data/cellphone/_build/default/lib/cowboy/src/cowboy_http.erl"},
                             {line,218}]},
                           {proc_lib,init_p_do_apply,3,
                            [{file,"proc_lib.erl"},{line,249}]}]}}
